  main.cpp
C:\Users\Nikita\source\repos\3d_practice\3d_practice\main.cpp(132,22): warning C4244: инициализация: преобразование "double" в "float", возможна потеря данных
C:\Users\Nikita\source\repos\3d_practice\3d_practice\main.cpp(133,22): warning C4244: инициализация: преобразование "double" в "float", возможна потеря данных
C:\Program Files\Microsoft Visual Studio\2022\Community\VC\Tools\MSVC\14.41.34120\include\xmemory(700,103): warning C4244: аргумент: преобразование "_Ty" в "float", возможна потеря данных
C:\Program Files\Microsoft Visual Studio\2022\Community\VC\Tools\MSVC\14.41.34120\include\xmemory(700,103): warning C4244:         with
C:\Program Files\Microsoft Visual Studio\2022\Community\VC\Tools\MSVC\14.41.34120\include\xmemory(700,103): warning C4244:         [
C:\Program Files\Microsoft Visual Studio\2022\Community\VC\Tools\MSVC\14.41.34120\include\xmemory(700,103): warning C4244:             _Ty=int
C:\Program Files\Microsoft Visual Studio\2022\Community\VC\Tools\MSVC\14.41.34120\include\xmemory(700,103): warning C4244:         ]
  (компиляция исходного файла "main.cpp")
      C:\Program Files\Microsoft Visual Studio\2022\Community\VC\Tools\MSVC\14.41.34120\include\xmemory(700,103):
      контекст создания экземпляра шаблона (сначала самый старый)
          C:\Users\Nikita\source\repos\3d_practice\3d_practice\main.cpp(159,13):
          выполняется компиляция ссылки на экземпляр шаблон функции "void std::vector<Sphere,std::allocator<Sphere>>::emplace_back<Vec3,int,Material>(Vec3 &&,int &&,Material &&)"
          C:\Program Files\Microsoft Visual Studio\2022\Community\VC\Tools\MSVC\14.41.34120\include\vector(858,24):
          выполняется компиляция ссылки на экземпляр шаблон функции "_Ty &std::vector<_Ty,std::allocator<_Ty>>::_Emplace_one_at_back<Vec3,int,Material>(Vec3 &&,int &&,Material &&)"
          with
          [
              _Ty=Sphere
          ]
          C:\Program Files\Microsoft Visual Studio\2022\Community\VC\Tools\MSVC\14.41.34120\include\vector(776,20):
          выполняется компиляция ссылки на экземпляр шаблон функции "_Ty &std::vector<_Ty,std::allocator<_Ty>>::_Emplace_back_with_unused_capacity<Vec3,int,Material>(Vec3 &&,int &&,Material &&)"
          with
          [
              _Ty=Sphere
          ]
          C:\Program Files\Microsoft Visual Studio\2022\Community\VC\Tools\MSVC\14.41.34120\include\vector(794,27):
          выполняется компиляция ссылки на экземпляр шаблон функции "void std::_Default_allocator_traits<_Alloc>::construct<_Ty,Vec3,int,Material>(_Alloc &,_Objty *const ,Vec3 &&,int &&,Material &&)"
          with
          [
              _Alloc=std::allocator<Sphere>,
              _Ty=Sphere,
              _Objty=Sphere
          ]
  
  3d_practice.vcxproj -> C:\Users\Nikita\source\repos\3d_practice\3d_practice\x64\Debug\3d_practice.exe
